<?xml version="1.0" encoding="UTF-8"?>
<!-- Generated by org.testng.reporters.JUnitReportReporter -->
<testsuite hostname="MacBook-Pro-2" failures="0" tests="2" name="Automation.SeleniumFrameWork.SubmitOrderTest2" time="90.933" errors="0" timestamp="2023-06-17T20:33:53 EDT" skipped="0">
  <testcase classname="Automation.SeleniumFrameWork.SubmitOrderTest2" name="submitOrder" time="38.189"/>
  <system-out/>
  <testcase classname="Automation.SeleniumFrameWork.SubmitOrderTest2" name="submitOrder" time="52.744"/>
  <system-out/>
</testsuite> <!-- Automation.SeleniumFrameWork.SubmitOrderTest2 -->
